<?xml version="1.0" encoding="UTF-8"?>
<!-- Generated by org.testng.reporters.JUnitReportReporter -->
<testsuite hostname="SosoOthman" failures="0" tests="3" name="TestCase1" time="15.869" errors="0" timestamp="2025-03-26T03:23:42 PDT" skipped="0">
  <testcase classname="TestCase1" name="SignUp" time="7.521"/>
  <system-out/>
  <testcase classname="TestCase1" name="LogOut" time="1.678"/>
  <system-out/>
  <testcase classname="TestCase1" name="LogIn" time="6.670"/>
  <system-out/>
</testsuite> <!-- TestCase1 -->
